Using pre-set license
Built from '2020.2/release' branch; Version is '2020.2.1f1 (270dd8c3da1c) revision 2559448'; Using compiler version '192528614'; Build Type 'Release'
OS: 'Windows 10  (10.0.0) 64bit' Language: 'tr' Physical Memory: 16257 MB
BatchMode: 1, IsHumanControllingUs: 0, StartBugReporterOnCrash: 0, Is64bit: 1, IsPro: 0

 COMMAND LINE ARGUMENTS:
C:\Program Files\Unity\Hub\Editor\2020.2.1f1\Editor\Unity.exe
-adb2
-batchMode
-noUpm
-name
AssetImportWorker1
-projectPath
D:/UnityProjects/BalanceRider
-logFile
Logs/AssetImportWorker1.log
-srvPort
60146
Successfully changed project path to: D:/UnityProjects/BalanceRider
D:/UnityProjects/BalanceRider
Using Asset Import Pipeline V2.
Refreshing native plugins compatible for Editor in 23.15 ms, found 0 plugins.
Preloading 0 native plugins for Editor in 0.00 ms.
Initialize engine version: 2020.2.1f1 (270dd8c3da1c)
[Subsystems] Discovering subsystems at path C:/Program Files/Unity/Hub/Editor/2020.2.1f1/Editor/Data/Resources/UnitySubsystems
[Subsystems] Discovering subsystems at path D:/UnityProjects/BalanceRider/Assets
GfxDevice: creating device client; threaded=0
Direct3D:
    Version:  Direct3D 11.0 [level 11.1]
    Renderer: NVIDIA GeForce GTX 1050 (ID=0x1c8d)
    Vendor:   
    VRAM:     4019 MB
    Driver:   27.21.14.5749
Initialize mono
Mono path[0] = 'C:/Program Files/Unity/Hub/Editor/2020.2.1f1/Editor/Data/Managed'
Mono path[1] = 'C:/Program Files/Unity/Hub/Editor/2020.2.1f1/Editor/Data/MonoBleedingEdge/lib/mono/unityjit'
Mono config path = 'C:/Program Files/Unity/Hub/Editor/2020.2.1f1/Editor/Data/MonoBleedingEdge/etc'
Using monoOptions --debugger-agent=transport=dt_socket,embedding=1,server=y,suspend=n,address=127.0.0.1:56516
Begin MonoManager ReloadAssembly
Registering precompiled unity dll's ...
Register platform support module: C:/Program Files/Unity/Hub/Editor/2020.2.1f1/Editor/Data/PlaybackEngines/WindowsStandaloneSupport/UnityEditor.WindowsStandalone.Extensions.dll
Registered in 0.002178 seconds.
Native extension for WindowsStandalone target not found
Refreshing native plugins compatible for Editor in 20.60 ms, found 0 plugins.
Preloading 0 native plugins for Editor in 0.00 ms.
Invoked RoslynAnalysisRunner static constructor.
RoslynAnalysisRunner will not be running.
RoslynAnalysisRunner has terminated.
Mono: successfully reloaded assembly
- Completed reload, in  1.973 seconds
Platform modules already initialized, skipping
Registering precompiled user dll's ...
Registered in 0.000711 seconds.
Begin MonoManager ReloadAssembly
Native extension for WindowsStandalone target not found
Refreshing native plugins compatible for Editor in 0.19 ms, found 0 plugins.
Preloading 0 native plugins for Editor in 0.00 ms.
Invoked RoslynAnalysisRunner static constructor.
RoslynAnalysisRunner will not be running.
RoslynAnalysisRunner has terminated.
Mono: successfully reloaded assembly
- Completed reload, in  0.752 seconds
Platform modules already initialized, skipping
========================================================================
Worker process is ready to serve import requests
Launched and connected shader compiler UnityShaderCompiler.exe after 0.04 seconds
Refreshing native plugins compatible for Editor in 0.20 ms, found 0 plugins.
Preloading 0 native plugins for Editor in 0.00 ms.
Unloading 1100 Unused Serialized files (Serialized files now loaded: 0)
System memory in use before: 68.4 MB.
System memory in use after: 68.5 MB.

Unloading 10 unused Assets to reduce memory usage. Loaded Objects now: 1557.
Total: 2.672100 ms (FindLiveObjects: 0.547200 ms CreateObjectMapping: 0.215600 ms MarkObjects: 1.816100 ms  DeleteObjects: 0.090500 ms)

========================================================================
Received Import Request.
  path: Assets/EasySuspension/Editor
  artifactKey: Guid(08c5782a6e3e149478ab3c350754ec6f) Importer(815301076,1909f56bfc062723c751e8b465ee728b)
Start importing Assets/EasySuspension/Editor using Guid(08c5782a6e3e149478ab3c350754ec6f) Importer(815301076,1909f56bfc062723c751e8b465ee728b)  -> (artifact id: '97b39eca088d335a3ad3ce06029d26c5') in 0.008620 seconds
  Import took 0.010471 seconds .

========================================================================
Received Import Request.
  Time since last request: 34.334782 seconds.
  path: Assets/Decorations/Materials
  artifactKey: Guid(00f072a10b7e26f4c99d2547ab41538f) Importer(815301076,1909f56bfc062723c751e8b465ee728b)
Start importing Assets/Decorations/Materials using Guid(00f072a10b7e26f4c99d2547ab41538f) Importer(815301076,1909f56bfc062723c751e8b465ee728b)  -> (artifact id: 'd290600085ce5a327cf435d1946dcc65') in 0.009489 seconds
  Import took 0.012542 seconds .

========================================================================
Received Import Request.
  Time since last request: 0.003622 seconds.
  path: Assets/Decorations/Materials
  artifactKey: Guid(00f072a10b7e26f4c99d2547ab41538f) Importer(815301076,1909f56bfc062723c751e8b465ee728b)
Start importing Assets/Decorations/Materials using Guid(00f072a10b7e26f4c99d2547ab41538f) Importer(815301076,1909f56bfc062723c751e8b465ee728b)  -> (artifact id: 'd290600085ce5a327cf435d1946dcc65') in 0.004077 seconds
  Import took 0.006318 seconds .

========================================================================
Received Import Request.
  Time since last request: 0.053737 seconds.
  path: Assets/Decorations/Materials/asfalt.mat
  artifactKey: Guid(02c71b656eede484693c57cc6d8dbf86) Importer(815301076,1909f56bfc062723c751e8b465ee728b)
Start importing Assets/Decorations/Materials/asfalt.mat using Guid(02c71b656eede484693c57cc6d8dbf86) Importer(815301076,1909f56bfc062723c751e8b465ee728b)  -> (artifact id: '03abb59e656b490345aa1bafa009eb29') in 0.120011 seconds
  Import took 0.121812 seconds .

========================================================================
Received Import Request.
  Time since last request: 0.000406 seconds.
  path: Assets/Decorations/Materials/brick.mat
  artifactKey: Guid(3d5483b074ddf0745bb75ecdae09c0e4) Importer(815301076,1909f56bfc062723c751e8b465ee728b)
Start importing Assets/Decorations/Materials/brick.mat using Guid(3d5483b074ddf0745bb75ecdae09c0e4) Importer(815301076,1909f56bfc062723c751e8b465ee728b)  -> (artifact id: '102af307dcdaa78f76fb333db3312edc') in 0.012776 seconds
  Import took 0.015003 seconds .

========================================================================
Received Import Request.
  Time since last request: 0.000382 seconds.
  path: Assets/Decorations/Materials/bright_yellow.mat
  artifactKey: Guid(66e7933ccacdb544883c93e68a76cc84) Importer(815301076,1909f56bfc062723c751e8b465ee728b)
Start importing Assets/Decorations/Materials/bright_yellow.mat using Guid(66e7933ccacdb544883c93e68a76cc84) Importer(815301076,1909f56bfc062723c751e8b465ee728b)  -> (artifact id: 'c2cea8919e32f8ef9c6a091252bcc987') in 0.015590 seconds
  Import took 0.018121 seconds .

========================================================================
Received Import Request.
  Time since last request: 0.000326 seconds.
  path: Assets/Decorations/Materials/blue_3.mat
  artifactKey: Guid(00e17528ef0941d4288a34f4b040bd2e) Importer(815301076,1909f56bfc062723c751e8b465ee728b)
Start importing Assets/Decorations/Materials/blue_3.mat using Guid(00e17528ef0941d4288a34f4b040bd2e) Importer(815301076,1909f56bfc062723c751e8b465ee728b)  -> (artifact id: '3182195e3d9035ef347fbc525305a2b3') in 0.019301 seconds
  Import took 0.022271 seconds .

========================================================================
Received Import Request.
  Time since last request: 0.000434 seconds.
  path: Assets/Decorations/Materials/blue.mat
  artifactKey: Guid(4f371862014a03b4eb2af9b14e8588d4) Importer(815301076,1909f56bfc062723c751e8b465ee728b)
Start importing Assets/Decorations/Materials/blue.mat using Guid(4f371862014a03b4eb2af9b14e8588d4) Importer(815301076,1909f56bfc062723c751e8b465ee728b)  -> (artifact id: 'f92f9517f2590349b76e4b725adca40f') in 0.016006 seconds
  Import took 0.019176 seconds .

========================================================================
Received Import Request.
  Time since last request: 0.000376 seconds.
  path: Assets/Decorations/Materials/gray.mat
  artifactKey: Guid(378c0501885d5c64e9aee039cf019be6) Importer(815301076,1909f56bfc062723c751e8b465ee728b)
Start importing Assets/Decorations/Materials/gray.mat using Guid(378c0501885d5c64e9aee039cf019be6) Importer(815301076,1909f56bfc062723c751e8b465ee728b)  -> (artifact id: '88657209d95aeff177763ac265a1e59f') in 0.017747 seconds
  Import took 0.020631 seconds .

========================================================================
Received Import Request.
  Time since last request: 0.000391 seconds.
  path: Assets/Decorations/Materials/gray_2.mat
  artifactKey: Guid(272f9317853cb0c449f03a5bf8c121cb) Importer(815301076,1909f56bfc062723c751e8b465ee728b)
Start importing Assets/Decorations/Materials/gray_2.mat using Guid(272f9317853cb0c449f03a5bf8c121cb) Importer(815301076,1909f56bfc062723c751e8b465ee728b)  -> (artifact id: 'a04e5021dd33ba445a77e51875326f64') in 0.018238 seconds
  Import took 0.022523 seconds .

========================================================================
Received Import Request.
  Time since last request: 0.000523 seconds.
  path: Assets/Decorations/Materials/karoseria_blue.mat
  artifactKey: Guid(50204669bc327a34296a286a1bf8cdf4) Importer(815301076,1909f56bfc062723c751e8b465ee728b)
Start importing Assets/Decorations/Materials/karoseria_blue.mat using Guid(50204669bc327a34296a286a1bf8cdf4) Importer(815301076,1909f56bfc062723c751e8b465ee728b)  -> (artifact id: '86bcef718729fb9dbab6b2b98dd2f080') in 0.018387 seconds
  Import took 0.021644 seconds .

========================================================================
Received Import Request.
  Time since last request: 0.000306 seconds.
  path: Assets/Decorations/Materials/karoseria_green.mat
  artifactKey: Guid(34691e877e8ff4e46a6bc9b7e0062091) Importer(815301076,1909f56bfc062723c751e8b465ee728b)
Start importing Assets/Decorations/Materials/karoseria_green.mat using Guid(34691e877e8ff4e46a6bc9b7e0062091) Importer(815301076,1909f56bfc062723c751e8b465ee728b)  -> (artifact id: '1a78a0290d139aa0995bfa9e9d2e90da') in 0.019315 seconds
  Import took 0.021391 seconds .

========================================================================
Received Import Request.
  Time since last request: 0.000653 seconds.
  path: Assets/Decorations/Materials/brown.mat
  artifactKey: Guid(0974fc08211580e44ab7826a2332931f) Importer(815301076,1909f56bfc062723c751e8b465ee728b)
Start importing Assets/Decorations/Materials/brown.mat using Guid(0974fc08211580e44ab7826a2332931f) Importer(815301076,1909f56bfc062723c751e8b465ee728b)  -> (artifact id: '041ea2db8b3a1931e152bd086f88c8cf') in 0.018221 seconds
  Import took 0.020663 seconds .

========================================================================
Received Import Request.
  Time since last request: 0.562744 seconds.
  path: Assets/Decorations/Materials/karoseria_orange.mat
  artifactKey: Guid(d4750a12d80f52c4db7c6e4e54d6cca3) Importer(815301076,1909f56bfc062723c751e8b465ee728b)
Start importing Assets/Decorations/Materials/karoseria_orange.mat using Guid(d4750a12d80f52c4db7c6e4e54d6cca3) Importer(815301076,1909f56bfc062723c751e8b465ee728b)  -> (artifact id: '37196485c1be9c97faa6ba5ebfeb846c') in 0.013230 seconds
  Import took 0.016700 seconds .

========================================================================
Received Import Request.
  Time since last request: 0.000600 seconds.
  path: Assets/Decorations/Materials/karoseria_red.mat
  artifactKey: Guid(8d0e70064dffd2042a0ba7ce7cbaa8cd) Importer(815301076,1909f56bfc062723c751e8b465ee728b)
Start importing Assets/Decorations/Materials/karoseria_red.mat using Guid(8d0e70064dffd2042a0ba7ce7cbaa8cd) Importer(815301076,1909f56bfc062723c751e8b465ee728b)  -> (artifact id: '050c125afc5e9202dab4ededc79f70fa') in 0.014411 seconds
  Import took 0.017712 seconds .

========================================================================
Received Import Request.
  Time since last request: 0.000500 seconds.
  path: Assets/Decorations/Materials/karoseria_white.mat
  artifactKey: Guid(bf405b4778c41674099d22950b428fd2) Importer(815301076,1909f56bfc062723c751e8b465ee728b)
Start importing Assets/Decorations/Materials/karoseria_white.mat using Guid(bf405b4778c41674099d22950b428fd2) Importer(815301076,1909f56bfc062723c751e8b465ee728b)  -> (artifact id: '5b0af81c931978ef9089e9909fab930d') in 0.013312 seconds
  Import took 0.015504 seconds .

========================================================================
Received Import Request.
  Time since last request: 0.000380 seconds.
  path: Assets/Decorations/Materials/karoseria_orange.mat
  artifactKey: Guid(d4750a12d80f52c4db7c6e4e54d6cca3) Importer(815301076,1909f56bfc062723c751e8b465ee728b)
Start importing Assets/Decorations/Materials/karoseria_orange.mat using Guid(d4750a12d80f52c4db7c6e4e54d6cca3) Importer(815301076,1909f56bfc062723c751e8b465ee728b)  -> (artifact id: '37196485c1be9c97faa6ba5ebfeb846c') in 0.015759 seconds
  Import took 0.017782 seconds .

========================================================================
Received Import Request.
  Time since last request: 0.000400 seconds.
  path: Assets/Decorations/Materials/lampa_red.mat
  artifactKey: Guid(483eed7048bbdf94c8184fe9a276b2c3) Importer(815301076,1909f56bfc062723c751e8b465ee728b)
Start importing Assets/Decorations/Materials/lampa_red.mat using Guid(483eed7048bbdf94c8184fe9a276b2c3) Importer(815301076,1909f56bfc062723c751e8b465ee728b)  -> (artifact id: '1f0248aa9292645912ba3513b53d46cf') in 0.014663 seconds
  Import took 0.018499 seconds .

========================================================================
Received Import Request.
  Time since last request: 0.001483 seconds.
  path: Assets/Decorations/Materials/lampa_wgite.mat
  artifactKey: Guid(fb38407f167859241a85db565e01c964) Importer(815301076,1909f56bfc062723c751e8b465ee728b)
Start importing Assets/Decorations/Materials/lampa_wgite.mat using Guid(fb38407f167859241a85db565e01c964) Importer(815301076,1909f56bfc062723c751e8b465ee728b)  -> (artifact id: '1db1f6ae932470cf07789d0961fd2102') in 0.014754 seconds
  Import took 0.018001 seconds .

========================================================================
Received Import Request.
  Time since last request: 0.204527 seconds.
  path: Assets/Decorations/Materials/linie.mat
  artifactKey: Guid(2ea3a0d052d98064187d031ed808a335) Importer(815301076,1909f56bfc062723c751e8b465ee728b)
Start importing Assets/Decorations/Materials/linie.mat using Guid(2ea3a0d052d98064187d031ed808a335) Importer(815301076,1909f56bfc062723c751e8b465ee728b)  -> (artifact id: '45a014c45b2ca6d7b414163fa1bc0455') in 0.013312 seconds
  Import took 0.015859 seconds .

========================================================================
Received Import Request.
  Time since last request: 0.013729 seconds.
  path: Assets/Decorations/Materials/mat_000.mat
  artifactKey: Guid(a8faac199022ae94aa47e807af01702a) Importer(815301076,1909f56bfc062723c751e8b465ee728b)
Start importing Assets/Decorations/Materials/mat_000.mat using Guid(a8faac199022ae94aa47e807af01702a) Importer(815301076,1909f56bfc062723c751e8b465ee728b)  -> (artifact id: '8e2a43ecaf3f18b2055d9c0e863bc3de') in 0.014233 seconds
  Import took 0.016202 seconds .

========================================================================
Received Import Request.
  Time since last request: 0.007602 seconds.
  path: Assets/Decorations/Materials/mat_001.mat
  artifactKey: Guid(79dbbf8e30089d94f8597be6ffa96cd4) Importer(815301076,1909f56bfc062723c751e8b465ee728b)
Start importing Assets/Decorations/Materials/mat_001.mat using Guid(79dbbf8e30089d94f8597be6ffa96cd4) Importer(815301076,1909f56bfc062723c751e8b465ee728b)  -> (artifact id: 'de4511bc1e5a6f4084753643a4d023fc') in 0.016834 seconds
  Import took 0.019127 seconds .

========================================================================
Received Import Request.
  Time since last request: 0.000382 seconds.
  path: Assets/Decorations/Materials/mat_001_001.mat
  artifactKey: Guid(b055032b406825445afdfabd2cf4cbe0) Importer(815301076,1909f56bfc062723c751e8b465ee728b)
Start importing Assets/Decorations/Materials/mat_001_001.mat using Guid(b055032b406825445afdfabd2cf4cbe0) Importer(815301076,1909f56bfc062723c751e8b465ee728b)  -> (artifact id: 'c9c2ecb2e8141f99161e4ce53d792b81') in 0.015274 seconds
  Import took 0.017619 seconds .

========================================================================
Received Import Request.
  Time since last request: 0.000385 seconds.
  path: Assets/Decorations/Materials/mat_002.mat
  artifactKey: Guid(0b81f4725f4d0e942b080ccc73c5e9dc) Importer(815301076,1909f56bfc062723c751e8b465ee728b)
Start importing Assets/Decorations/Materials/mat_002.mat using Guid(0b81f4725f4d0e942b080ccc73c5e9dc) Importer(815301076,1909f56bfc062723c751e8b465ee728b)  -> (artifact id: '396aefcbc2d9a0d8dc171651e177b646') in 0.016126 seconds
  Import took 0.019530 seconds .

========================================================================
Received Import Request.
  Time since last request: 0.000457 seconds.
  path: Assets/Decorations/Materials/mat_003.mat
  artifactKey: Guid(9be889efcbc589d41b2dc506d3fe71f5) Importer(815301076,1909f56bfc062723c751e8b465ee728b)
Start importing Assets/Decorations/Materials/mat_003.mat using Guid(9be889efcbc589d41b2dc506d3fe71f5) Importer(815301076,1909f56bfc062723c751e8b465ee728b)  -> (artifact id: 'b8f9b3ed8da9e6c8b112113295dc862e') in 0.016316 seconds
  Import took 0.018825 seconds .

========================================================================
Received Import Request.
  Time since last request: 0.204723 seconds.
  path: Assets/Decorations/Materials/mat_005.mat
  artifactKey: Guid(83e82fa354d6da14bb35306102a773d8) Importer(815301076,1909f56bfc062723c751e8b465ee728b)
Start importing Assets/Decorations/Materials/mat_005.mat using Guid(83e82fa354d6da14bb35306102a773d8) Importer(815301076,1909f56bfc062723c751e8b465ee728b)  -> (artifact id: 'fac16737144f104bc1e39d004adc0fc9') in 0.013096 seconds
  Import took 0.015626 seconds .

========================================================================
Received Import Request.
  Time since last request: 0.000364 seconds.
  path: Assets/Decorations/Materials/mat_006.mat
  artifactKey: Guid(bf061cc32dc6fd14892e7ca4078d74ce) Importer(815301076,1909f56bfc062723c751e8b465ee728b)
Start importing Assets/Decorations/Materials/mat_006.mat using Guid(bf061cc32dc6fd14892e7ca4078d74ce) Importer(815301076,1909f56bfc062723c751e8b465ee728b)  -> (artifact id: 'd89245590a0cb55091eea4385421b364') in 0.012941 seconds
  Import took 0.015051 seconds .

========================================================================
Received Import Request.
  Time since last request: 0.000402 seconds.
  path: Assets/Decorations/Materials/mat_007.mat
  artifactKey: Guid(ce8006d969ce74940ba32ce95e3b1a6b) Importer(815301076,1909f56bfc062723c751e8b465ee728b)
Start importing Assets/Decorations/Materials/mat_007.mat using Guid(ce8006d969ce74940ba32ce95e3b1a6b) Importer(815301076,1909f56bfc062723c751e8b465ee728b)  -> (artifact id: 'f39004b0ae3469dd497288f1b25403fe') in 0.019823 seconds
  Import took 0.022786 seconds .

========================================================================
Received Import Request.
  Time since last request: 0.000399 seconds.
  path: Assets/Decorations/Materials/mat_005_001.mat
  artifactKey: Guid(5a0f8a1d924ace24fbcd9ddfb8e63319) Importer(815301076,1909f56bfc062723c751e8b465ee728b)
Start importing Assets/Decorations/Materials/mat_005_001.mat using Guid(5a0f8a1d924ace24fbcd9ddfb8e63319) Importer(815301076,1909f56bfc062723c751e8b465ee728b)  -> (artifact id: '1261954c86e35dfc7cf28218e6ba3017') in 0.022572 seconds
  Import took 0.024589 seconds .

========================================================================
Received Import Request.
  Time since last request: 0.000329 seconds.
  path: Assets/Decorations/Materials/mat_015.mat
  artifactKey: Guid(f289d9385e439364f814279332e9f260) Importer(815301076,1909f56bfc062723c751e8b465ee728b)
Start importing Assets/Decorations/Materials/mat_015.mat using Guid(f289d9385e439364f814279332e9f260) Importer(815301076,1909f56bfc062723c751e8b465ee728b)  -> (artifact id: '08fc1c8f55e0efdf1c8348fb9386ef9d') in 0.016212 seconds
  Import took 0.018074 seconds .

========================================================================
Received Import Request.
  Time since last request: 0.000697 seconds.
  path: Assets/Decorations/Materials/mat_028.mat
  artifactKey: Guid(d4a0fb29aa81c1b4abfcc4af5eab98b7) Importer(815301076,1909f56bfc062723c751e8b465ee728b)
Start importing Assets/Decorations/Materials/mat_028.mat using Guid(d4a0fb29aa81c1b4abfcc4af5eab98b7) Importer(815301076,1909f56bfc062723c751e8b465ee728b)  -> (artifact id: 'b9fd293ecbac9fc18d727554225d9aaa') in 0.016158 seconds
  Import took 0.018966 seconds .

========================================================================
Received Import Request.
  Time since last request: 0.162467 seconds.
  path: Assets/Decorations/Materials/mat_031.mat
  artifactKey: Guid(addfb5e7024b93d49b3f2cedf48be5cc) Importer(815301076,1909f56bfc062723c751e8b465ee728b)
Start importing Assets/Decorations/Materials/mat_031.mat using Guid(addfb5e7024b93d49b3f2cedf48be5cc) Importer(815301076,1909f56bfc062723c751e8b465ee728b)  -> (artifact id: '7706864f4c4ee84a9ee4e7a9207f03ee') in 0.016977 seconds
  Import took 0.020612 seconds .

========================================================================
Received Import Request.
  Time since last request: 0.000406 seconds.
  path: Assets/Decorations/Materials/mat_032.mat
  artifactKey: Guid(b4085629d7eaa4143b01fab992d84b90) Importer(815301076,1909f56bfc062723c751e8b465ee728b)
Start importing Assets/Decorations/Materials/mat_032.mat using Guid(b4085629d7eaa4143b01fab992d84b90) Importer(815301076,1909f56bfc062723c751e8b465ee728b)  -> (artifact id: '5d3bb21895fb08166167ad9eedb513de') in 0.014875 seconds
  Import took 0.018364 seconds .

========================================================================
Received Import Request.
  Time since last request: 0.000350 seconds.
  path: Assets/Decorations/Materials/mat_042.mat
  artifactKey: Guid(1a7356e9a2d1ff641925205f1e2bcaeb) Importer(815301076,1909f56bfc062723c751e8b465ee728b)
Start importing Assets/Decorations/Materials/mat_042.mat using Guid(1a7356e9a2d1ff641925205f1e2bcaeb) Importer(815301076,1909f56bfc062723c751e8b465ee728b)  -> (artifact id: '20ab316ed001b7ac9acd3c0831ef47f6') in 0.015255 seconds
  Import took 0.017448 seconds .

========================================================================
Received Import Request.
  Time since last request: 0.005781 seconds.
  path: Assets/Decorations/Materials/red_emiter.mat
  artifactKey: Guid(0a1323c9f04f8c84aa59092a42039fe4) Importer(815301076,1909f56bfc062723c751e8b465ee728b)
Start importing Assets/Decorations/Materials/red_emiter.mat using Guid(0a1323c9f04f8c84aa59092a42039fe4) Importer(815301076,1909f56bfc062723c751e8b465ee728b)  -> (artifact id: 'ae47cb591ce89021637804f2a6a5d7a8') in 0.018510 seconds
  Import took 0.020868 seconds .

========================================================================
Received Import Request.
  Time since last request: 0.000369 seconds.
  path: Assets/Decorations/Materials/szyba.mat
  artifactKey: Guid(fcca9c2102043774da16f9d21479c3ff) Importer(815301076,1909f56bfc062723c751e8b465ee728b)
Start importing Assets/Decorations/Materials/szyba.mat using Guid(fcca9c2102043774da16f9d21479c3ff) Importer(815301076,1909f56bfc062723c751e8b465ee728b)  -> (artifact id: '604c7db2f8fdb2bb0be61cc482584ef3') in 0.015801 seconds
  Import took 0.018471 seconds .

========================================================================
Received Import Request.
  Time since last request: 0.000535 seconds.
  path: Assets/Decorations/Materials/tablica.mat
  artifactKey: Guid(fa86dad50b460bc45868f9f5f7af5999) Importer(815301076,1909f56bfc062723c751e8b465ee728b)
Start importing Assets/Decorations/Materials/tablica.mat using Guid(fa86dad50b460bc45868f9f5f7af5999) Importer(815301076,1909f56bfc062723c751e8b465ee728b)  -> (artifact id: '5f3b5c04e79bf6aa84864f386a9a2a31') in 0.014298 seconds
  Import took 0.017117 seconds .

========================================================================
Received Import Request.
  Time since last request: 47.827304 seconds.
  path: Assets/EasySuspension/New Terrain.asset
  artifactKey: Guid(43da89f0fcc654f589dc32f1111044dd) Importer(815301076,1909f56bfc062723c751e8b465ee728b)
Start importing Assets/EasySuspension/New Terrain.asset using Guid(43da89f0fcc654f589dc32f1111044dd) Importer(815301076,1909f56bfc062723c751e8b465ee728b) Received signal SIGSEGV
Stack trace:
0x00007ff7ebe7354a (Unity) CreateAssetToGUIDMappingV2
0x00007ff7ebdea2c0 (Unity) AssetDatabase::CreateAssetToGUIDMapping
0x00007ff7eac0b080 (Unity) SplatDatabase::CreateTerrainLayerAsset
0x00007ff7eac09c60 (Unity) SplatDatabase::ConvertSplatsToTerrainLayers
0x00007ff7eac06b64 (Unity) SplatDatabase::AwakeFromLoad
0x00007ff7eac51b0a (Unity) TerrainData::AwakeFromLoad
0x00007ff7ea7c39e3 (Unity) AwakeFromLoadQueue::InvokePersistentManagerAwake
0x00007ff7ea7c43a2 (Unity) AwakeFromLoadQueue::PersistentManagerAwakeFromLoad
0x00007ff7ea7c451a (Unity) AwakeFromLoadQueue::PersistentManagerAwakeFromLoad
0x00007ff7ea75358e (Unity) PersistentManager::IntegrateAllThreadedObjects
0x00007ff7ea753d77 (Unity) PersistentManager::LoadAndIntegrateAllPreallocatedObjects
0x00007ff7ea757303 (Unity) PersistentManager::ReadObject
0x00007ff7ebde3511 (Unity) WritePreviews
0x00007ff7ebddd2cf (Unity) PreviewImporter::GenerateAssetData
0x00007ff7ebee86cf (Unity) ImportToObjects
0x00007ff7ebee7563 (Unity) AssetImportWorker::Import
0x00007ff7ebe47c5a (Unity) <lambda_38cb8e830f13df306cf541a58f16cf03>::operator()
0x00007ff7ebf120d2 (Unity) asio::detail::completion_handler<core::mutable_function<void __cdecl(void)> >::do_complete
0x00007ff7ebf14230 (Unity) asio::detail::win_iocp_io_service::do_one
0x00007ff7ebf179be (Unity) asio::io_service::run
0x00007ff7ebe8dd50 (Unity) RunAssetImportWorkerClientV2
0x00007ff7ebe8dda0 (Unity) RunAssetImporterV2
0x00007ff7eb3ad73b (Unity) Application::InitializeProject
0x00007ff7ebd22be2 (Unity) WinMain
0x00007ff7edb68fc6 (Unity) __scrt_common_main_seh
0x00007ffc1fc57034 (KERNEL32) BaseThreadInitThunk
0x00007ffc21c02651 (ntdll) RtlUserThreadStart

